"../../../Engine/Content/Animation/DefaultAnimCurveCompressionSettings.uasset" 0
"../../../Engine/Content/Functions/Engine_MaterialFunctions01/Opacity/CameraDepthFade.uasset" 1
"../../../Engine/Content/EngineMaterials/T_Default_Material_Grid_M.uasset" 2
"../../../Engine/Content/EngineMaterials/T_Default_Material_Grid_N.uasset" 3
"../../../Engine/Content/EngineMaterials/WorldGridMaterial.uasset" 4
"../../../Engine/Content/ArtTools/RenderToTexture/Meshes/S_1_Unit_Plane.uasset" 5
"../../../Engine/Content/EngineMaterials/DefaultMaterial.uasset" 6
"../../../Engine/Content/BasicShapes/Cone.uasset" 7
"../../../Engine/Content/BasicShapes/Cube.uasset" 8
"../../../Engine/Content/BasicShapes/Cylinder.uasset" 9
"../../../Engine/Content/BasicShapes/Sphere.uasset" 10
"../../../Engine/Content/EditorLandscapeResources/DataLayer.uasset" 11
"../../../Engine/Content/EditorMaterials/MAT_Groups_Toggle.uasset" 12
"../../../Engine/Content/EditorMaterials/MAT_Groups_Visibility.uasset" 13
"../../../Engine/Content/EditorMaterials/PreviewShadowIndicator.uasset" 14
"../../../Engine/Content/EditorMaterials/PreviewShadowIndicatorMaterial.uasset" 15
"../../../Engine/Content/EditorMaterials/AssetViewer/EpicQuadPanorama_CC+EV1.uasset" 16
"../../../Engine/Content/EditorMaterials/MatineeGroups/MAT_ColorTrack.uasset" 17
"../../../Engine/Content/EditorMaterials/MatineeGroups/MAT_Groups_Anim.uasset" 18
"../../../Engine/Content/EditorMaterials/MatineeGroups/MAT_Groups_AudioMaster.uasset" 19
"../../../Engine/Content/EditorMaterials/MatineeGroups/MAT_Groups_Director.uasset" 20
"../../../Engine/Content/EditorMaterials/MatineeGroups/MAT_Groups_Event.uasset" 21
"../../../Engine/Content/EditorMaterials/MatineeGroups/MAT_Groups_Fade.uasset" 22
"../../../Engine/Content/EditorMaterials/MatineeGroups/MAT_Groups_Float.uasset" 23
"../../../Engine/Content/EditorMaterials/MatineeGroups/MAT_Groups_Move.uasset" 24
"../../../Engine/Content/EditorMaterials/MatineeGroups/MAT_Groups_Slomo.uasset" 25
"../../../Engine/Content/EditorMaterials/MatineeGroups/MAT_Groups_Sound.uasset" 26
"../../../Engine/Content/EditorMaterials/MatineeGroups/MAT_Groups_Vector.uasset" 27
"../../../Engine/Content/EditorMaterials/ParticleSystems/PSysThumbnail_NoImage.uasset" 28
"../../../Engine/Content/EditorMaterials/ParticleSystems/PSysThumbnail_OOD.uasset" 29
"../../../Engine/Content/EditorMaterials/Camera/CineMat.uasset" 30
"../../../Engine/Content/EditorMaterials/Camera/MI_CineMat_Rig.uasset" 31
"../../../Engine/Content/EditorMeshes/Camera/SM_CraneRig_Arm.uasset" 32
"../../../Engine/Content/EditorMeshes/Camera/SM_CraneRig_Base.uasset" 33
"../../../Engine/Content/EditorMeshes/Camera/SM_CraneRig_Body.uasset" 34
"../../../Engine/Content/EditorMeshes/Camera/SM_CraneRig_Mount.uasset" 35
"../../../Engine/Content/EditorMeshes/Camera/SM_RailRig_Mount.uasset" 36
"../../../Engine/Content/EditorMeshes/Camera/SM_RailRig_Track.uasset" 37
"../../../Engine/Content/EditorResources/BSPVertex.uasset" 38
"../../../Engine/Content/EditorResources/EmptyActor.uasset" 39
"../../../Engine/Content/EditorResources/S_Actor.uasset" 40
"../../../Engine/Content/EditorResources/S_Note.uasset" 41
"../../../Engine/Content/EditorResources/S_Solver.uasset" 42
"../../../Engine/Content/EditorResources/S_Trigger.uasset" 43
"../../../Engine/Content/EditorResources/AudioIcons/S_AudioComponent_AutoActivate.uasset" 44
"../../../Engine/Content/EditorResources/LightIcons/S_LightError.uasset" 45
"../../../Engine/Content/EditorResources/SequenceRecorder/Countdown.uasset" 46
"../../../Engine/Content/EditorResources/SequenceRecorder/RecordingIndicator.uasset" 47
"../../../Engine/Content/EditorSounds/Notifications/CompileFailed.uasset" 48
"../../../Engine/Content/EditorSounds/Notifications/CompileFailed_Cue.uasset" 49
"../../../Engine/Content/EditorSounds/Notifications/CompileSuccess.uasset" 50
"../../../Engine/Content/EditorSounds/Notifications/CompileStart_Cue.uasset" 51
"../../../Engine/Content/EditorSounds/Notifications/CompileSuccess_Cue.uasset" 52
"../../../Engine/Content/EngineDamageTypes/DmgTypeBP_Environmental.uasset" 53
"../../../Engine/Content/EngineDebugMaterials/DebugEditorMaterial.uasset" 54
"../../../Engine/Content/EngineDebugMaterials/DebugMeshMaterial.uasset" 55
"../../../Engine/Content/EngineDebugMaterials/M_SimpleTranslucent.uasset" 56
"../../../Engine/Content/Functions/Engine_MaterialFunctions02/Utility/CameraDirectionVector.uasset" 57
"../../../Engine/Content/EngineDebugMaterials/VolumeToRender.uasset" 58
"../../../Engine/Content/EngineDebugMaterials/M_VolumeRenderSphereTracePP.uasset" 59
"../../../Engine/Content/EngineDebugMaterials/WireframeMaterial.uasset" 60
"../../../Engine/Content/EngineFonts/Faces/DroidSansFallback.uasset" 61
"../../../Engine/Content/EngineFonts/Faces/RobotoBold.uasset" 62
"../../../Engine/Content/EngineFonts/Faces/RobotoBoldItalic.uasset" 63
"../../../Engine/Content/EngineFonts/Faces/RobotoItalic.uasset" 64
"../../../Engine/Content/EngineFonts/Faces/RobotoLight.uasset" 65
"../../../Engine/Content/EngineFonts/Faces/RobotoRegular.uasset" 66
"../../../Engine/Content/EngineFonts/Roboto.uasset" 67
"../../../Engine/Content/EngineMaterials/BaseFlattenDiffuseMap.uasset" 68
"../../../Engine/Content/EngineMaterials/BaseFlattenEmissiveMap.uasset" 69
"../../../Engine/Content/EngineMaterials/BaseFlattenGrayscaleMap.uasset" 70
"../../../Engine/Content/EngineMaterials/BaseFlattenNormalMap.uasset" 71
"../../../Engine/Content/EngineMaterials/BaseFlattenMaterial.uasset" 72
"../../../Engine/Content/EngineMaterials/BlueNoise.uasset" 73
"../../../Engine/Content/EngineMaterials/DefaultBloomKernel.uasset" 74
"../../../Engine/Content/EngineMaterials/DefaultBokeh.uasset" 75
"../../../Engine/Content/EngineMaterials/DefaultDiffuse.uasset" 76
"../../../Engine/Content/EngineMaterials/DefaultDeferredDecalMaterial.uasset" 77
"../../../Engine/Content/EngineMaterials/DefaultLightFunctionMaterial.uasset" 78
"../../../Engine/Content/Functions/Engine_MaterialFunctions02/Utility/BreakOutFloat2Components.uasset" 79
"../../../Engine/Content/EngineMaterials/DefaultPostProcessMaterial.uasset" 80
"../../../Engine/Content/EngineFonts/RobotoDistanceField.uasset" 81
"../../../Engine/Content/EngineMaterials/DefaultTextMaterialOpaque.uasset" 82
"../../../Engine/Content/EngineMaterials/DefaultVirtualTextureMaterial.uasset" 83
"../../../Engine/Content/EngineMaterials/DefaultWhiteGrid.uasset" 84
"../../../Engine/Content/EngineMaterials/DefaultWhiteGrid_Low.uasset" 85
"../../../Engine/Content/EngineMaterials/EmissiveMeshMaterial.uasset" 86
"../../../Engine/Content/EngineMaterials/GizmoMaterial.uasset" 87
"../../../Engine/Content/EngineMaterials/Good64x64TilingNoiseHighFreq.uasset" 88
"../../../Engine/Content/EngineMaterials/HairDefaultMaterial.uasset" 89
"../../../Engine/Content/EngineMaterials/MiniFont.uasset" 90
"../../../Engine/Content/EngineMaterials/InvalidLightmapSettings.uasset" 91
"../../../Engine/Content/EngineMaterials/M_InvalidLightmapSettings.uasset" 92
"../../../Engine/Content/Functions/Engine_MaterialFunctions02/WorldPositionOffset/CameraOffset.uasset" 93
"../../../Engine/Content/EngineMaterials/PhAT_JointLimitMaterial.uasset" 94
"../../../Engine/Content/EngineMaterials/PreintegratedSkinBRDF.uasset" 95
"../../../Engine/Content/EngineMaterials/RemoveSurfaceMaterial.uasset" 96
"../../../Engine/Content/EngineMaterials/WeightMapPlaceholderTexture.uasset" 97
"../../../Engine/Content/EngineResources/WhiteSquareTexture.uasset" 98
"../../../Engine/Content/EngineMaterials/Widget3DPassThrough.uasset" 99
"../../../Engine/Content/EngineMaterials/Widget3DPassThrough_Masked.uasset" 100
"../../../Engine/Content/EngineMaterials/Widget3DPassThrough_Opaque.uasset" 101
"../../../Engine/Content/EngineMaterials/Widget3DPassThrough_Masked_OneSided.uasset" 102
"../../../Engine/Content/EngineMaterials/Widget3DPassThrough_Opaque_OneSided.uasset" 103
"../../../Engine/Content/EngineMaterials/Widget3DPassThrough_Translucent.uasset" 104
"../../../Engine/Content/EngineMaterials/Widget3DPassThrough_Translucent_OneSided.uasset" 105
"../../../Engine/Content/EngineMeshes/Cube.uasset" 106
"../../../Engine/Content/EngineMeshes/Cylinder.uasset" 107
"../../../Engine/Content/EngineMeshes/Sphere.uasset" 108
"../../../Engine/Content/EngineResources/Black.uasset" 109
"../../../Engine/Content/EngineResources/DefaultTexture.uasset" 110
"../../../Engine/Content/EngineResources/DefaultTextureCube.uasset" 111
"../../../Engine/Content/EngineResources/DefaultVolumeTexture2D.uasset" 112
"../../../Engine/Content/EngineResources/DefaultVolumeTexture.uasset" 113
"../../../Engine/Content/EngineResources/GradientTexture0.uasset" 114
"../../../Engine/Content/EngineSounds/Master.uasset" 115
"../../../Engine/Content/Functions/Engine_MaterialFunctions01/Shading/PowerToRoughness.uasset" 116
"../../../Engine/Content/Maps/Templates/Thumbnails/Default.uasset" 117
"../../../Engine/Content/Maps/Templates/Thumbnails/TimeOfDay.uasset" 118
"../../../Engine/Content/Maps/Templates/Thumbnails/VR-Basic.uasset" 119
"../../../Engine/Content/MobileResources/T_MobileControls_texture.uasset" 120
"../../../Engine/Content/MobileResources/T_MobileMenu2.uasset" 121
"../../../Engine/Content/MobileResources/HUD/AnalogHat.uasset" 122
"../../../Engine/Content/MobileResources/HUD/VirtualJoystick_Background.uasset" 123
"../../../Engine/Content/MobileResources/HUD/VirtualJoystick_Thumb.uasset" 124
"../../../Engine/Content/MobileResources/HUD/DefaultVirtualJoysticks.uasset" 125
"../../../Engine/Content/MobileResources/HUD/LeftVirtualJoystickOnly.uasset" 126
"../../../Engine/Content/MobileResources/HUD/MobileHUDButton1_off.uasset" 127
"../../../Engine/Content/MobileResources/HUD/MobileHUDButton1_on.uasset" 128
"../../../Engine/Content/MobileResources/HUD/MobileHUDButton2_off.uasset" 129
"../../../Engine/Content/MobileResources/HUD/MobileHUDButton2_on.uasset" 130
"../../../Engine/Content/MobileResources/HUD/MobileHUDButton3.uasset" 131
"../../../Engine/Content/MobileResources/HUD/MobileHUDButtonFire.uasset" 132
"../../../Engine/Content/MobileResources/HUD/MobileHUDDirectionPad.uasset" 133
"../../../Engine/Content/MobileResources/HUD/MobileHUDDirectionPad2.uasset" 134
"../../../Engine/Content/MobileResources/HUD/MobileHUDDirectionPad3.uasset" 135
"../../../Engine/Content/MobileResources/HUD/MobileHUDDirectionStick.uasset" 136
"../../../Engine/Content/MobileResources/HUD/T_Castle_ThumbstickInner.uasset" 137
"../../../Engine/Content/MobileResources/HUD/T_Castle_ThumbstickOutter.uasset" 138
"../../../Engine/Content/Tutorial/ContentIntroCurve.uasset" 139
"../../../Engine/Content/Tutorial/Basics/LevelEditorAttract.uasset" 140
"../../../Engine/Content/Tutorial/Basics/TutorialAssets/icon_tab_Levels_40x.uasset" 141
"../../../Engine/Content/Tutorial/Basics/LevelEditorOverview.uasset" 142
"../../../Engine/Content/Tutorial/BlueprintTutorials/TutorialAssets/Blueprint_64x.uasset" 143
"../../../Engine/Content/Tutorial/BlueprintTutorials/BlueprintEditorTutorial.uasset" 144
"../../../Engine/Content/Tutorial/Landscape/TutorialAssets/Landscape.uasset" 145
"../../../Engine/Content/Tutorial/Landscape/LandscapeWalkThrough.uasset" 146
"../../../Engine/Content/Tutorial/Landscape/Landscape_Manage_Mode.uasset" 147
"../../../Engine/Content/EditorBlueprintResources/StandardMacros.uasset" 148
"../../../Engine/Content/Tutorial/Landscape/Landscape_Painting_Mode.uasset" 149
"../../../Engine/Content/Tutorial/Landscape/Landscape_Sculpt_Mode.uasset" 150
"../../../Engine/Content/Tutorial/SubEditors/MaterialEditorTutorial.uasset" 151
"../../../Engine/Content/Tutorial/SubEditors/StaticMeshEditorTutorial.uasset" 152
"../../../Engine/Content/Tutorial/SubEditors/TutorialAssets/TutorialMaterial.uasset" 153
"../../../Engine/Content/VREditor/LaserPointer/VR_LaserPower_01.uasset" 154
"../../../Engine/Content/VREditor/TransformGizmo/TransformGizmoMaterial.uasset" 155
"../../../Engine/Content/VREditor/TransformGizmo/TranslucentTransformGizmoMaterial.uasset" 156
"../../../Engine/Content/VREditor/TransformGizmo/BoundingBoxCorner.uasset" 157
"../../../Engine/Content/VREditor/TransformGizmo/BoundingBoxEdge.uasset" 158
"../../../Engine/Content/VREditor/TransformGizmo/PlaneTranslationHandle.uasset" 159
"../../../Engine/Content/VREditor/TransformGizmo/Main.uasset" 160
"../../../Engine/Content/VREditor/TransformGizmo/Xray.uasset" 161
"../../../Engine/Content/VREditor/TransformGizmo/SM_Sequencer_Key.uasset" 162
"../../../Engine/Content/VREditor/TransformGizmo/SM_Sequencer_Node.uasset" 163
"../../Plugins/2D/Paper2D/Content/PlaceholderTextures/DummySpriteTexture.uasset" 164
"../../Plugins/2D/Paper2D/Content/DummySprite.uasset" 165
"../../Plugins/2D/Paper2D/Content/DefaultPaperTerrainMaterial.uasset" 166
"../../Plugins/2D/Paper2D/Content/DummySpriteTexture.uasset" 167
"../../Plugins/2D/Paper2D/Content/DefaultSpriteMaterial.uasset" 168
"../../Plugins/2D/Paper2D/Content/MaskedUnlitSpriteMaterial.uasset" 169
"../../Plugins/2D/Paper2D/Content/OpaqueUnlitSpriteMaterial.uasset" 170
"../../../Engine/Content/Functions/Engine_MaterialFunctions02/Texturing/CustomRotator.uasset" 171
"../../Plugins/Marketplace/Substance/Content/Templates/material_functions/tiling.uasset" 172
"../../Plugins/Marketplace/Substance/Content/Templates/textures/default_color.uasset" 173
"../../Plugins/Marketplace/Substance/Content/Templates/textures/default_normal.uasset" 174
"../../Plugins/Marketplace/Substance/Content/Templates/parent_materials/Substance_Basic_Template.uasset" 175
"../../../Engine/Content/Functions/Engine_MaterialFunctions02/Utility/BreakOutFloat4Components.uasset" 176
"../../../Engine/Content/Functions/Engine_MaterialFunctions02/Utility/MakeFloat2.uasset" 177
"../../../Engine/Content/Functions/Engine_MaterialFunctions02/Utility/MakeFloat3.uasset" 178
"../../Plugins/Runtime/Oculus/OculusVR/Content/Materials/OculusMR_ChromaKey.uasset" 179
"../../Plugins/Runtime/Oculus/OculusVR/Content/Materials/OculusMR_ChromaKey_Lit.uasset" 180
"../../Plugins/Runtime/Oculus/OculusVR/Content/Materials/OculusMR_OpaqueColoredMaterial.uasset" 181
"../../Plugins/Runtime/Oculus/OculusVR/Content/Materials/OculusMR_WhiteMaterial.uasset" 182
"D:/UNrealProjects/Pickacourse/Content/Blueprints/Menu_Controler.uasset" 183
"D:/UNrealProjects/Pickacourse/Content/Blueprints/BP_Menu_GM.uasset" 184
"D:/UNrealProjects/Pickacourse/Content/Assets/SFX/base_loop_1.uasset" 185
"../../../Engine/Content/EngineMaterials/BlendFunc_DefBase.uasset" 186
"../../../Engine/Content/EngineMaterials/BlendFunc_DefBlend.uasset" 187
"../../../Engine/Content/Functions/Engine_MaterialFunctions03/Blends/Blend_HardLight.uasset" 188
"D:/UNrealProjects/Pickacourse/Content/UMG/kaleidoscope-star.uasset" 189
"D:/UNrealProjects/Pickacourse/Content/UMG/MT_StarText.uasset" 190
"D:/UNrealProjects/Pickacourse/Content/UMG/background.uasset" 191
"D:/UNrealProjects/Pickacourse/Content/UMG/btn_bg_black.uasset" 192
"D:/UNrealProjects/Pickacourse/Content/UMG/btn_bg_white.uasset" 193
"D:/UNrealProjects/Pickacourse/Content/Mannequin/Character/Mesh/UE4_Mannequin_Skeleton.uasset" 194
"D:/UNrealProjects/Pickacourse/Content/Mannequin/Animations/ThirdPerson_Jump.uasset" 195
"D:/UNrealProjects/Pickacourse/Content/Mannequin/Animations/ThirdPersonJump_Loop.uasset" 196
"D:/UNrealProjects/Pickacourse/Content/Mannequin/Animations/ThirdPersonJump_Start.uasset" 197
"D:/UNrealProjects/Pickacourse/Content/Mannequin/Animations/RunWithWalkSFX.uasset" 198
"D:/UNrealProjects/Pickacourse/Content/Mannequin/Animations/ThirdPersonIdle.uasset" 199
"D:/UNrealProjects/Pickacourse/Content/Mannequin/Animations/ThirdPersonWalk.uasset" 200
"D:/UNrealProjects/Pickacourse/Content/Mannequin/Animations/ThirdPerson_IdleRun_2D.uasset" 201
"D:/UNrealProjects/Pickacourse/Content/Assets/SFX/footsteps/footsteps_01.uasset" 202
"D:/UNrealProjects/Pickacourse/Content/Mannequin/Animations/ThirdPerson_AnimBP.uasset" 203
"D:/UNrealProjects/Pickacourse/Content/StatSheets_And_Actions/Dash.uasset" 204
"D:/UNrealProjects/Pickacourse/Content/StatSheets_And_Actions/Jumps.uasset" 205
"D:/UNrealProjects/Pickacourse/Content/StatSheets_And_Actions/PickaCourseStatSheet.uasset" 206
"D:/UNrealProjects/Pickacourse/Content/StatSheets_And_Actions/Action_Algorithms/BP_DashAlgorithm.uasset" 207
"D:/UNrealProjects/Pickacourse/Content/StatSheets_And_Actions/Action_Algorithms/BP_JumpAlogrithms.uasset" 208
"D:/UNrealProjects/Pickacourse/Content/Assets/SFX/death/death_grunt.uasset" 209
"D:/UNrealProjects/Pickacourse/Content/Assets/SFX/jump/jump.uasset" 210
"D:/UNrealProjects/Pickacourse/Content/Assets/SFX/jump/jump_land.uasset" 211
"D:/UNrealProjects/Pickacourse/Content/Assets/SFX/jump/Jump_Mod.uasset" 212
"../../../Engine/Content/Functions/Engine_MaterialFunctions02/Utility/BlendAngleCorrectedNormals.uasset" 213
"../../../Engine/Content/Functions/MaterialLayerFunctions/MatLayerBlend_NormalBlend.uasset" 214
"../../../Engine/Content/Functions/MaterialLayerFunctions/MatLayerBlend_Simple.uasset" 215
"D:/UNrealProjects/Pickacourse/Content/Mannequin/Character/Materials/MaterialLayers/T_ML_Rubber_Blue_01_D.uasset" 216
"D:/UNrealProjects/Pickacourse/Content/Mannequin/Character/Materials/MaterialLayers/T_ML_Rubber_Blue_01_N.uasset" 217
"D:/UNrealProjects/Pickacourse/Content/Mannequin/Character/Materials/MaterialLayers/ML_GlossyBlack_Latex_UE4.uasset" 218
"D:/UNrealProjects/Pickacourse/Content/Mannequin/Character/Materials/MaterialLayers/ML_Plastic_Shiny_Beige.uasset" 219
"D:/UNrealProjects/Pickacourse/Content/Mannequin/Character/Textures/UE4_LOGO_CARD.uasset" 220
"D:/UNrealProjects/Pickacourse/Content/Mannequin/Character/Materials/MaterialLayers/ML_Plastic_Shiny_Beige_LOGO.uasset" 221
"D:/UNrealProjects/Pickacourse/Content/Mannequin/Character/Materials/MaterialLayers/T_ML_Aluminum01.uasset" 222
"D:/UNrealProjects/Pickacourse/Content/Mannequin/Character/Materials/MaterialLayers/T_ML_Aluminum01_N.uasset" 223
"D:/UNrealProjects/Pickacourse/Content/Mannequin/Character/Materials/MaterialLayers/ML_SoftMetal_UE4.uasset" 224
"D:/UNrealProjects/Pickacourse/Content/Mannequin/Character/Textures/UE4_Mannequin__normals.uasset" 225
"D:/UNrealProjects/Pickacourse/Content/Mannequin/Character/Textures/UE4_Mannequin_MAT_MASKA.uasset" 226
"D:/UNrealProjects/Pickacourse/Content/Mannequin/Character/Materials/M_UE4Man_Body.uasset" 227
"D:/UNrealProjects/Pickacourse/Content/Mannequin/Character/Textures/UE4Man_Logo_N.uasset" 228
"D:/UNrealProjects/Pickacourse/Content/Mannequin/Character/Materials/M_UE4Man_ChestLogo.uasset" 229
"D:/UNrealProjects/Pickacourse/Content/Mannequin/Character/Mesh/SK_Mannequin_PhysicsAsset.uasset" 230
"D:/UNrealProjects/Pickacourse/Content/Mannequin/Character/Mesh/SK_Mannequin.uasset" 231
"D:/UNrealProjects/Pickacourse/Content/StarterContent/Textures/T_Burst_M.uasset" 232
"D:/UNrealProjects/Pickacourse/Content/StarterContent/Particles/Materials/M_Burst.uasset" 233
"D:/UNrealProjects/Pickacourse/Content/StarterContent/Textures/T_Explosion_SubUV.uasset" 234
"D:/UNrealProjects/Pickacourse/Content/StarterContent/Particles/Materials/M_explosion_subUV.uasset" 235
"D:/UNrealProjects/Pickacourse/Content/StarterContent/Particles/Materials/m_flare_01.uasset" 236
"../../../Engine/Content/Functions/Engine_MaterialFunctions01/Gradient/RadialGradient.uasset" 237
"D:/UNrealProjects/Pickacourse/Content/StarterContent/Particles/Materials/M_radial_ramp.uasset" 238
"D:/UNrealProjects/Pickacourse/Content/StarterContent/Textures/T_Smoke_SubUV.uasset" 239
"D:/UNrealProjects/Pickacourse/Content/StarterContent/Textures/T_Smoke_Tiled_D.uasset" 240
"D:/UNrealProjects/Pickacourse/Content/StarterContent/Particles/Materials/M_smoke_subUV.uasset" 241
"D:/UNrealProjects/Pickacourse/Content/StarterContent/Particles/P_Explosion.uasset" 242
"D:/UNrealProjects/Pickacourse/Content/Blueprints/Chracter/BP_BattleBoxPickaCourse.uasset" 243
"D:/UNrealProjects/Pickacourse/Content/Custom_Materials/Material/Portal_M.uasset" 244
"D:/UNrealProjects/Pickacourse/Content/Custom_Materials/Stylized_Rocktiles_INST_AmbientOcclusion.uasset" 245
"D:/UNrealProjects/Pickacourse/Content/Custom_Materials/Stylized_Rocktiles_INST_Base_Color.uasset" 246
"D:/UNrealProjects/Pickacourse/Content/Custom_Materials/Stylized_Rocktiles_INST_Height.uasset" 247
"D:/UNrealProjects/Pickacourse/Content/Custom_Materials/Stylized_Rocktiles_INST_Metalness.uasset" 248
"D:/UNrealProjects/Pickacourse/Content/Custom_Materials/Stylized_Rocktiles_INST_Normal.uasset" 249
"D:/UNrealProjects/Pickacourse/Content/Custom_Materials/Stylized_Rocktiles_INST_Roughness.uasset" 250
"D:/UNrealProjects/Pickacourse/Content/Custom_Materials/Material/Stone_Bricks_MT.uasset" 251
"../../../Engine/Content/Functions/Engine_MaterialFunctions01/Shading/ConvertFromDiffSpec.uasset" 252
"../../../Engine/Content/EditorMaterials/GridMaterial.uasset" 253
"../../../Engine/Content/EditorMeshes/AssetViewer/Floor_Mesh.uasset" 254
"D:/UNrealProjects/Pickacourse/Content/Assets/SFX/teleportt.uasset" 255
"D:/UNrealProjects/Pickacourse/Content/Custom_Materials/T_PillarComplete_Base_Color.uasset" 256
"D:/UNrealProjects/Pickacourse/Content/Custom_Materials/T_PillarComplete_Metallic.uasset" 257
"D:/UNrealProjects/Pickacourse/Content/Custom_Materials/T_PillarComplete_Normal_OpenGL__1_.uasset" 258
"D:/UNrealProjects/Pickacourse/Content/Custom_Materials/T_PillarComplete_Roughness.uasset" 259
"D:/UNrealProjects/Pickacourse/Content/Custom_Materials/T_Spikes_Normal_OpenGL.uasset" 260
"D:/UNrealProjects/Pickacourse/Content/Custom_Materials/Material/Pillar_MT.uasset" 261
"D:/UNrealProjects/Pickacourse/Content/Custom_Props/Pillar.uasset" 262
"D:/UNrealProjects/Pickacourse/Content/Custom_Materials/T_PillarBroken_Base_Color.uasset" 263
"D:/UNrealProjects/Pickacourse/Content/Custom_Materials/T_PillarBroken_Metallic.uasset" 264
"D:/UNrealProjects/Pickacourse/Content/Custom_Materials/T_PillarBroken_Mixed_AO.uasset" 265
"D:/UNrealProjects/Pickacourse/Content/Custom_Materials/T_PillarBroken_Normal_OpenGL.uasset" 266
"D:/UNrealProjects/Pickacourse/Content/Custom_Materials/T_PillarBroken_Roughness.uasset" 267
"D:/UNrealProjects/Pickacourse/Content/Custom_Materials/Material/Pillar_Broken_MT.uasset" 268
"D:/UNrealProjects/Pickacourse/Content/Custom_Props/Pillarbroken.uasset" 269
"D:/UNrealProjects/Pickacourse/Content/Custom_Materials/T_PortalPedsstal_Base_Color.uasset" 270
"D:/UNrealProjects/Pickacourse/Content/Custom_Materials/T_PortalPedsstal_Metallic.uasset" 271
"D:/UNrealProjects/Pickacourse/Content/Custom_Materials/T_PortalPedsstal_Mixed_AO.uasset" 272
"D:/UNrealProjects/Pickacourse/Content/Custom_Materials/T_PortalPedsstal_Normal_OpenGL.uasset" 273
"D:/UNrealProjects/Pickacourse/Content/Custom_Materials/Material/Portal_MT.uasset" 274
"D:/UNrealProjects/Pickacourse/Content/Custom_Props/SM_PortalPedestal.uasset" 275
"D:/UNrealProjects/Pickacourse/Content/Geometry/Meshes/CubeMaterial.uasset" 276
"D:/UNrealProjects/Pickacourse/Content/Geometry/Meshes/1M_Cube.uasset" 277
"D:/UNrealProjects/Pickacourse/Content/StarterContent/Textures/T_Fire_SubUV.uasset" 278
"D:/UNrealProjects/Pickacourse/Content/StarterContent/Textures/T_Fire_Tiled_D.uasset" 279
"D:/UNrealProjects/Pickacourse/Content/StarterContent/Particles/Materials/M_Fire_SubUV.uasset" 280
"D:/UNrealProjects/Pickacourse/Content/StarterContent/Textures/T_Water_N.uasset" 281
"D:/UNrealProjects/Pickacourse/Content/StarterContent/Particles/Materials/M_Heat_Distortion.uasset" 282
"D:/UNrealProjects/Pickacourse/Content/StarterContent/Particles/Materials/M_Radial_Gradient.uasset" 283
"D:/UNrealProjects/Pickacourse/Content/StarterContent/Particles/P_Fire.uasset" 284
"D:/UNrealProjects/Pickacourse/Content/StarterContent/Props/MaterialSphere.uasset" 285
"D:/UNrealProjects/Pickacourse/Content/ThirdPerson/Meshes/RampMaterial.uasset" 286
"D:/UNrealProjects/Pickacourse/Content/ThirdPerson/Meshes/Linear_Stair_StaticMesh.uasset" 287
"D:/UNrealProjects/Pickacourse/Content/Blueprints/Platform_tiles/Base_Tile_End.uasset" 288
"D:/UNrealProjects/Pickacourse/Content/Blueprints/Pickacourse_Instance.uasset" 289
"D:/UNrealProjects/Pickacourse/Content/UMG/Selection_UI.uasset" 290
"D:/UNrealProjects/Pickacourse/Content/UMG/Main_Menu.uasset" 291
"D:/UNrealProjects/Pickacourse/Content/Menu_Level.umap" 292
"D:/UNrealProjects/Pickacourse/Content/Assets/SFX/collect.uasset" 293
"D:/UNrealProjects/Pickacourse/Content/Blueprints/Power_Ups/BP_BasePowerUp.uasset" 294
"D:/UNrealProjects/Pickacourse/Content/Custom_Materials/T_Coin_Base_Color.uasset" 295
"D:/UNrealProjects/Pickacourse/Content/Custom_Materials/T_Coin_Metallic.uasset" 296
"D:/UNrealProjects/Pickacourse/Content/Custom_Materials/T_Coin_Mixed_AO.uasset" 297
"D:/UNrealProjects/Pickacourse/Content/Custom_Materials/T_Coin_Normal_OpenGL.uasset" 298
"D:/UNrealProjects/Pickacourse/Content/Custom_Materials/T_Coin_Roughness.uasset" 299
"D:/UNrealProjects/Pickacourse/Content/Custom_Materials/Material/M_Coin.uasset" 300
"D:/UNrealProjects/Pickacourse/Content/Custom_Props/SM_Coin.uasset" 301
"D:/UNrealProjects/Pickacourse/Content/Blueprints/Power_Ups/BP_Coin.uasset" 302
"D:/UNrealProjects/Pickacourse/Content/Custom_Materials/T_HourGlassBody_Base_Color.uasset" 303
"D:/UNrealProjects/Pickacourse/Content/Custom_Materials/T_HourGlassBody_Metallic.uasset" 304
"D:/UNrealProjects/Pickacourse/Content/Custom_Materials/T_HourGlassBody_Mixed_AO.uasset" 305
"D:/UNrealProjects/Pickacourse/Content/Custom_Materials/T_HourGlassBody_Normal_OpenGL.uasset" 306
"D:/UNrealProjects/Pickacourse/Content/Custom_Materials/T_HourGlassBody_Roughness.uasset" 307
"D:/UNrealProjects/Pickacourse/Content/Custom_Materials/Material/M_Hourglass.uasset" 308
"D:/UNrealProjects/Pickacourse/Content/Custom_Props/SM_Hourglass.uasset" 309
"D:/UNrealProjects/Pickacourse/Content/Blueprints/Power_Ups/BP_JumpHeightPowerUp.uasset" 310
"D:/UNrealProjects/Pickacourse/Content/Custom_Materials/Material/Add_JumpTexture.uasset" 311
"D:/UNrealProjects/Pickacourse/Content/Custom_Props/SM_DoubleJump.uasset" 312
"D:/UNrealProjects/Pickacourse/Content/Blueprints/Power_Ups/BP_JumpMaxUpPowerUp.uasset" 313
"D:/UNrealProjects/Pickacourse/Content/Assets/M_Dash.uasset" 314
"D:/UNrealProjects/Pickacourse/Content/Assets/SM_Dash.uasset" 315
"D:/UNrealProjects/Pickacourse/Content/Blueprints/Power_Ups/Dash.uasset" 316
"D:/UNrealProjects/Pickacourse/Content/Blueprints/Platform_tiles/Base_Tile.uasset" 317
"D:/UNrealProjects/Pickacourse/Content/Custom_Materials/T_Wall_V1_Base_Color.uasset" 318
"D:/UNrealProjects/Pickacourse/Content/Custom_Materials/T_Wall_V1_Metallic.uasset" 319
"D:/UNrealProjects/Pickacourse/Content/Custom_Materials/T_Wall_V1_Normal_OpenGL.uasset" 320
"D:/UNrealProjects/Pickacourse/Content/Custom_Materials/T_Wall_V1_Roughness.uasset" 321
"D:/UNrealProjects/Pickacourse/Content/Custom_Materials/Material/Wall_MT.uasset" 322
"D:/UNrealProjects/Pickacourse/Content/Custom_Props/wallV1.uasset" 323
"D:/UNrealProjects/Pickacourse/Content/Blueprints/Platform_tiles/Base_Tile_Begining.uasset" 324
"D:/UNrealProjects/Pickacourse/Content/Blueprints/Platform_tiles/Base_Tile_Broken.uasset" 325
"D:/UNrealProjects/Pickacourse/Content/Blueprints/Platform_tiles/Base_Tile_Broken_Broken_2.uasset" 326
"D:/UNrealProjects/Pickacourse/Content/Blueprints/Platform_tiles/Base_Tile_Broken_Left.uasset" 327
"D:/UNrealProjects/Pickacourse/Content/Blueprints/Platform_tiles/Base_Tile_Broken_Right.uasset" 328
"D:/UNrealProjects/Pickacourse/Content/Custom_Materials/T_Spikes_Base_Color.uasset" 329
"D:/UNrealProjects/Pickacourse/Content/Custom_Materials/T_Spikes_Metallic.uasset" 330
"D:/UNrealProjects/Pickacourse/Content/Custom_Materials/T_Spikes_Mixed_AO.uasset" 331
"D:/UNrealProjects/Pickacourse/Content/Custom_Materials/T_Spikes_Roughness.uasset" 332
"D:/UNrealProjects/Pickacourse/Content/Custom_Materials/Material/Spike_MT.uasset" 333
"D:/UNrealProjects/Pickacourse/Content/Custom_Props/Spikes_SM_Spikes.uasset" 334
"D:/UNrealProjects/Pickacourse/Content/Custom_Props/Spikes_SM_SpikesBase.uasset" 335
"D:/UNrealProjects/Pickacourse/Content/Blueprints/Platform_tiles/Base_Tile_Spike.uasset" 336
"D:/UNrealProjects/Pickacourse/Content/Blueprints/Level_Maker.uasset" 337
"../../../Engine/Content/EngineSky/C_Sky_Cloud_Color.uasset" 338
"../../../Engine/Content/EngineSky/C_Sky_Horizon_Color.uasset" 339
"../../../Engine/Content/EngineSky/C_Sky_Zenith_Color.uasset" 340
"../../../Engine/Content/EngineSky/T_Sky_Blue.uasset" 341
"../../../Engine/Content/EngineSky/T_Sky_Clouds_M.uasset" 342
"../../../Engine/Content/EngineSky/T_Sky_Stars.uasset" 343
"../../../Engine/Content/EngineSky/M_Sky_Panning_Clouds2.uasset" 344
"../../../Engine/Content/EngineSky/SM_SkySphere.uasset" 345
"../../../Engine/Content/EngineSky/BP_Sky_Sphere.uasset" 346
"D:/UNrealProjects/Pickacourse/Content/Custom_Materials/Rongyan_INST_basecolor.uasset" 347
"D:/UNrealProjects/Pickacourse/Content/Custom_Materials/Rongyan_INST_emissive.uasset" 348
"D:/UNrealProjects/Pickacourse/Content/Custom_Materials/Rongyan_INST_metallic.uasset" 349
"D:/UNrealProjects/Pickacourse/Content/Custom_Materials/Rongyan_INST_normal.uasset" 350
"D:/UNrealProjects/Pickacourse/Content/Custom_Materials/Rongyan_INST_roughness.uasset" 351
"D:/UNrealProjects/Pickacourse/Content/Custom_Materials/Material/Lava_MT.uasset" 352
"../../../Engine/Content/BasicShapes/Plane.uasset" 353
"D:/UNrealProjects/Pickacourse/Content/Blueprints/DeathBox.uasset" 354
"D:/UNrealProjects/Pickacourse/Content/Blueprints/PickaCourse_Core.uasset" 355
"D:/UNrealProjects/Pickacourse/Content/UMG/In-Game_UI.uasset" 356
"D:/UNrealProjects/Pickacourse/Content/Custom_Materials/Dirt_LayerInfo.uasset" 357
"D:/UNrealProjects/Pickacourse/Content/Custom_Materials/DirtNorm_LayerInfo.uasset" 358
"D:/UNrealProjects/Pickacourse/Content/Custom_Materials/Grass_LayerInfo.uasset" 359
"D:/UNrealProjects/Pickacourse/Content/Custom_Materials/Rock_LayerInfo.uasset" 360
"D:/UNrealProjects/Pickacourse/Content/Overworld_BuiltData.uasset" 361
"D:/UNrealProjects/Pickacourse/Content/Custom_Materials/Cliff_Sharp_INST_basecolor.uasset" 362
"D:/UNrealProjects/Pickacourse/Content/Custom_Materials/Cliff_Sharp_INST_normal.uasset" 363
"D:/UNrealProjects/Pickacourse/Content/Custom_Materials/Dirt_INST_Base_Color.uasset" 364
"D:/UNrealProjects/Pickacourse/Content/Custom_Materials/Dirt_INST_Normal.uasset" 365
"D:/UNrealProjects/Pickacourse/Content/Custom_Materials/Grass_INST_basecolor.uasset" 366
"D:/UNrealProjects/Pickacourse/Content/Custom_Materials/Grass_INST_normal.uasset" 367
"D:/UNrealProjects/Pickacourse/Content/Custom_Materials/Material/Overworld_MT.uasset" 368
"D:/UNrealProjects/Pickacourse/Content/Custom_Materials/Material/NewMaterial_Inst.uasset" 369
"../../../Engine/Content/EngineMaterials/DefaultPhysicalMaterial.uasset" 370
"D:/UNrealProjects/Pickacourse/Content/Assets/SFX/base_loop_2.uasset" 371
"D:/UNrealProjects/Pickacourse/Content/SoulCity/Environment/Textures/Foliage/T_Cave_LeavePile_N.uasset" 372
"D:/UNrealProjects/Pickacourse/Content/SoulCity/Environment/Textures/Foliage/T_Cave_LeavePile_D.uasset" 373
"D:/UNrealProjects/Pickacourse/Content/SoulCity/Environment/Materials/Foliage/M_Cave_Leaf_Piles.uasset" 374
"D:/UNrealProjects/Pickacourse/Content/SoulCity/Environment/Meshes/Foliage/SM_Cave_Leaf_Pile03_1.uasset" 375
"D:/UNrealProjects/Pickacourse/Content/SoulCity/Environment/Textures/Foliage/T_LV_Forest_Foliage02_D.uasset" 376
"D:/UNrealProjects/Pickacourse/Content/SoulCity/Environment/Textures/Foliage/T_LV_Forest_Foliage02_N.uasset" 377
"D:/UNrealProjects/Pickacourse/Content/SoulCity/Environment/Materials/Foliage/M_LV_Soul_Grass04M.uasset" 378
"D:/UNrealProjects/Pickacourse/Content/SoulCity/Environment/Meshes/Foliage/SM_LV_Soul_Foliage021SM.uasset" 379
"D:/UNrealProjects/Pickacourse/Content/SoulCity/Environment/Textures/Foliage/T_LV_Soul_Tree02B_D.uasset" 380
"D:/UNrealProjects/Pickacourse/Content/SoulCity/Environment/Textures/Foliage/T_LV_Soul_Tree02B_N.uasset" 381
"D:/UNrealProjects/Pickacourse/Content/SoulCity/Environment/Materials/Foliage/M_LV_Soul_Tree001B_M.uasset" 382
"D:/UNrealProjects/Pickacourse/Content/SoulCity/Environment/Textures/Foliage/T_LV_Soul_Tree01_D.uasset" 383
"D:/UNrealProjects/Pickacourse/Content/SoulCity/Environment/Textures/Foliage/T_LV_Soul_Tree01_N.uasset" 384
"D:/UNrealProjects/Pickacourse/Content/SoulCity/Environment/Materials/Foliage/M_Soul_Pine.uasset" 385
"D:/UNrealProjects/Pickacourse/Content/SoulCity/Environment/Meshes/Foliage/SM_LV_Soul_Tree01_B.uasset" 386
"D:/UNrealProjects/Pickacourse/Content/SoulCity/Environment/Meshes/Foliage/SM_LV_Soul_TreeCluster.uasset" 387
"D:/UNrealProjects/Pickacourse/Content/SoulCity/Environment/Textures/Foliage/T_LV_Soul_grass_D.uasset" 388
"D:/UNrealProjects/Pickacourse/Content/SoulCity/Environment/Materials/Foliage/M_LV_SoulGrass_01M.uasset" 389
"D:/UNrealProjects/Pickacourse/Content/SoulCity/Environment/Meshes/Foliage/SM_LV_SoulGrass_01.uasset" 390
"D:/UNrealProjects/Pickacourse/Content/Overworld.umap" 391
"../../../Engine/Content/Maps/Entry_BuiltData.uasset" 392
"../../../Engine/Content/Maps/Entry.umap" 393
